This is pdfTeX, Version 3.14159265-2.6-1.40.21 (MiKTeX 20.6.29) (preloaded format=pdflatex 2021.10.28)  4 NOV 2021 10:36
entering extended mode
**"./practice 12.tex"
("practice 12.tex"
LaTeX2e <2020-02-02> patch level 5
L3 programming layer <2020-06-18>
("C:\Users\Eboseta's pg\AppData\Local\Programs\MiKTeX\tex/latex/base\article.cl
s"
Document Class: article 2019/12/20 v1.4l Standard LaTeX document class
("C:\Users\Eboseta's pg\AppData\Local\Programs\MiKTeX\tex/latex/base\size10.clo
"
File: size10.clo 2019/12/20 v1.4l Standard LaTeX file (size option)
)
\c@part=\count167
\c@section=\count168
\c@subsection=\count169
\c@subsubsection=\count170
\c@paragraph=\count171
\c@subparagraph=\count172
\c@figure=\count173
\c@table=\count174
\abovecaptionskip=\skip47
\belowcaptionskip=\skip48
\bibindent=\dimen134
)
("C:\Users\Eboseta's pg\AppData\Local\Programs\MiKTeX\tex/latex/graphics\graphi
cx.sty"
Package: graphicx 2019/11/30 v1.2a Enhanced LaTeX Graphics (DPC,SPQR)

("C:\Users\Eboseta's pg\AppData\Local\Programs\MiKTeX\tex/latex/graphics\keyval
.sty"
Package: keyval 2014/10/28 v1.15 key=value parser (DPC)
\KV@toks@=\toks15
)
("C:\Users\Eboseta's pg\AppData\Local\Programs\MiKTeX\tex/latex/graphics\graphi
cs.sty"
Package: graphics 2019/11/30 v1.4a Standard LaTeX Graphics (DPC,SPQR)

("C:\Users\Eboseta's pg\AppData\Local\Programs\MiKTeX\tex/latex/graphics\trig.s
ty"
Package: trig 2016/01/03 v1.10 sin cos tan (DPC)
)
("C:\Users\Eboseta's pg\AppData\Local\Programs\MiKTeX\tex/latex/graphics-cfg\gr
aphics.cfg"
File: graphics.cfg 2016/06/04 v1.11 sample graphics configuration
)
Package graphics Info: Driver file: pdftex.def on input line 105.

("C:\Users\Eboseta's pg\AppData\Local\Programs\MiKTeX\tex/latex/graphics-def\pd
ftex.def"
File: pdftex.def 2018/01/08 v1.0l Graphics/color driver for pdftex
))
\Gin@req@height=\dimen135
\Gin@req@width=\dimen136
)
("C:\Users\Eboseta's pg\AppData\Local\Programs\MiKTeX\tex/latex/l3backend\l3bac
kend-pdfmode.def"
File: l3backend-pdfmode.def 2020-06-29 L3 backend support: PDF mode
\l__kernel_color_stack_int=\count175
\l__pdf_internal_box=\box45
) ("practice 12.aux")
\openout1 = `"practice 12.aux"'.

LaTeX Font Info:    Checking defaults for OML/cmm/m/it on input line 4.
LaTeX Font Info:    ... okay on input line 4.
LaTeX Font Info:    Checking defaults for OMS/cmsy/m/n on input line 4.
LaTeX Font Info:    ... okay on input line 4.
LaTeX Font Info:    Checking defaults for OT1/cmr/m/n on input line 4.
LaTeX Font Info:    ... okay on input line 4.
LaTeX Font Info:    Checking defaults for T1/cmr/m/n on input line 4.
LaTeX Font Info:    ... okay on input line 4.
LaTeX Font Info:    Checking defaults for TS1/cmr/m/n on input line 4.
LaTeX Font Info:    ... okay on input line 4.
LaTeX Font Info:    Checking defaults for OMX/cmex/m/n on input line 4.
LaTeX Font Info:    ... okay on input line 4.
LaTeX Font Info:    Checking defaults for U/cmr/m/n on input line 4.
LaTeX Font Info:    ... okay on input line 4.

("C:\Users\Eboseta's pg\AppData\Local\Programs\MiKTeX\tex/context/base/mkii\sup
p-pdf.mkii"
[Loading MPS to PDF converter (version 2006.09.02).]
\scratchcounter=\count176
\scratchdimen=\dimen137
\scratchbox=\box46
\nofMPsegments=\count177
\nofMParguments=\count178
\everyMPshowfont=\toks16
\MPscratchCnt=\count179
\MPscratchDim=\dimen138
\MPnumerator=\count180
\makeMPintoPDFobject=\count181
\everyMPtoPDFconversion=\toks17
)
("C:\Users\Eboseta's pg\AppData\Local\Programs\MiKTeX\tex/latex/epstopdf-pkg\ep
stopdf-base.sty"
Package: epstopdf-base 2020-01-24 v2.11 Base part for package epstopdf
Package epstopdf-base Info: Redefining graphics rule for `.eps' on input line 4
85.
)
<boat.jpg, id=1, 5484.49pt x 3081.5125pt>
File: boat.jpg Graphic file (type jpg)
<use boat.jpg>
Package pdftex.def Info: boat.jpg  used on input line 6.
(pdftex.def)             Requested size: 345.0pt x 193.81657pt.
 [1{C:/Users/Eboseta's pg/AppData/Local/MiKTeX/pdftex/config/pdftex.map}

 <./boat.jpg>] ("practice 12.aux") ) 
Here is how much of TeX's memory you used:
 1134 strings out of 480790
 17348 string characters out of 2893983
 249332 words of memory out of 3000000
 17194 multiletter control sequences out of 15000+200000
 532338 words of font info for 24 fonts, out of 3000000 for 9000
 1141 hyphenation exceptions out of 8191
 30i,5n,25p,192b,211s stack positions out of 5000i,500n,10000p,200000b,50000s
<C:/Users/Eboseta's pg/AppData/Local/Progra
ms/MiKTeX/fonts/type1/public/amsfonts/cm/cmr10.pfb>
Output written on "practice 12.pdf" (1 page, 1758267 bytes).
PDF statistics:
 11 PDF objects out of 1000 (max. 8388607)
 0 named destinations out of 1000 (max. 500000)
 6 words of extra memory for PDF output out of 10000 (max. 10000000)

